0 info it worked if it ends with ok
1 verbose cli [ 'C:\\Program Files\\nodejs\\node.exe',
1 verbose cli   'C:\\Program Files\\nodejs\\node_modules\\npm\\bin\\npm-cli.js',
1 verbose cli   'install',
1 verbose cli   '-g',
1 verbose cli   'cordova',
1 verbose cli   '4.2' ]
2 info using npm@3.10.10
3 info using node@v6.9.5
4 silly loadCurrentTree Starting
5 silly install loadCurrentTree
6 silly install readGlobalPackageData
7 silly fetchPackageMetaData cordova
8 silly fetchPackageMetaData 4.2
9 silly fetchNamedPackageData cordova
10 silly mapToRegistry name cordova
11 silly mapToRegistry using default registry
12 silly mapToRegistry registry https://registry.npmjs.org/
13 silly mapToRegistry data Result {
13 silly mapToRegistry   raw: 'cordova',
13 silly mapToRegistry   scope: null,
13 silly mapToRegistry   escapedName: 'cordova',
13 silly mapToRegistry   name: 'cordova',
13 silly mapToRegistry   rawSpec: '',
13 silly mapToRegistry   spec: 'latest',
13 silly mapToRegistry   type: 'tag' }
14 silly mapToRegistry uri https://registry.npmjs.org/cordova
15 silly fetchNamedPackageData 4.2
16 silly mapToRegistry name 4.2
17 silly mapToRegistry using default registry
18 silly mapToRegistry registry https://registry.npmjs.org/
19 silly mapToRegistry data Result {
19 silly mapToRegistry   raw: '4.2',
19 silly mapToRegistry   scope: null,
19 silly mapToRegistry   escapedName: '4.2',
19 silly mapToRegistry   name: '4.2',
19 silly mapToRegistry   rawSpec: '',
19 silly mapToRegistry   spec: 'latest',
19 silly mapToRegistry   type: 'tag' }
20 silly mapToRegistry uri https://registry.npmjs.org/4.2
21 verbose request uri https://registry.npmjs.org/4.2
22 verbose request no auth needed
23 info attempt registry request try #1 at 5:48:15 PM
24 verbose request id 35b862a334d53f85
25 http request GET https://registry.npmjs.org/4.2
26 verbose request uri https://registry.npmjs.org/cordova
27 verbose request no auth needed
28 info attempt registry request try #1 at 5:48:15 PM
29 verbose etag W/"58abab00-10b480"
30 verbose lastModified Tue, 21 Feb 2017 02:50:40 GMT
31 http request GET https://registry.npmjs.org/cordova
32 http 404 https://registry.npmjs.org/4.2
33 verbose headers { 'content-type': 'application/json',
33 verbose headers   'cache-control': 'max-age=0',
33 verbose headers   'content-length': '2',
33 verbose headers   'accept-ranges': 'bytes',
33 verbose headers   date: 'Wed, 22 Feb 2017 14:48:18 GMT',
33 verbose headers   via: '1.1 varnish',
33 verbose headers   age: '0',
33 verbose headers   connection: 'keep-alive',
33 verbose headers   'x-served-by': 'cache-ams4120-AMS',
33 verbose headers   'x-cache': 'MISS',
33 verbose headers   'x-cache-hits': '0',
33 verbose headers   'x-timer': 'S1487774897.608782,VS0,VE471',
33 verbose headers   vary: 'Accept-Encoding' }
34 silly get cb [ 404,
34 silly get   { 'content-type': 'application/json',
34 silly get     'cache-control': 'max-age=0',
34 silly get     'content-length': '2',
34 silly get     'accept-ranges': 'bytes',
34 silly get     date: 'Wed, 22 Feb 2017 14:48:18 GMT',
34 silly get     via: '1.1 varnish',
34 silly get     age: '0',
34 silly get     connection: 'keep-alive',
34 silly get     'x-served-by': 'cache-ams4120-AMS',
34 silly get     'x-cache': 'MISS',
34 silly get     'x-cache-hits': '0',
34 silly get     'x-timer': 'S1487774897.608782,VS0,VE471',
34 silly get     vary: 'Accept-Encoding' } ]
35 silly fetchPackageMetaData Error: Registry returned 404 for GET on https://registry.npmjs.org/4.2
35 silly fetchPackageMetaData     at makeError (C:\Program Files\nodejs\node_modules\npm\node_modules\npm-registry-client\lib\request.js:302:12)
35 silly fetchPackageMetaData     at CachingRegistryClient.<anonymous> (C:\Program Files\nodejs\node_modules\npm\node_modules\npm-registry-client\lib\request.js:280:14)
35 silly fetchPackageMetaData     at Request._callback (C:\Program Files\nodejs\node_modules\npm\node_modules\npm-registry-client\lib\request.js:210:14)
35 silly fetchPackageMetaData     at Request.self.callback (C:\Program Files\nodejs\node_modules\npm\node_modules\request\request.js:187:22)
35 silly fetchPackageMetaData     at emitTwo (events.js:106:13)
35 silly fetchPackageMetaData     at Request.emit (events.js:191:7)
35 silly fetchPackageMetaData     at Request.<anonymous> (C:\Program Files\nodejs\node_modules\npm\node_modules\request\request.js:1048:10)
35 silly fetchPackageMetaData     at emitOne (events.js:96:13)
35 silly fetchPackageMetaData     at Request.emit (events.js:188:7)
35 silly fetchPackageMetaData     at IncomingMessage.<anonymous> (C:\Program Files\nodejs\node_modules\npm\node_modules\request\request.js:969:12)
35 silly fetchPackageMetaData  error for 4.2 { Error: Registry returned 404 for GET on https://registry.npmjs.org/4.2
35 silly fetchPackageMetaData     at makeError (C:\Program Files\nodejs\node_modules\npm\node_modules\npm-registry-client\lib\request.js:302:12)
35 silly fetchPackageMetaData     at CachingRegistryClient.<anonymous> (C:\Program Files\nodejs\node_modules\npm\node_modules\npm-registry-client\lib\request.js:280:14)
35 silly fetchPackageMetaData     at Request._callback (C:\Program Files\nodejs\node_modules\npm\node_modules\npm-registry-client\lib\request.js:210:14)
35 silly fetchPackageMetaData     at Request.self.callback (C:\Program Files\nodejs\node_modules\npm\node_modules\request\request.js:187:22)
35 silly fetchPackageMetaData     at emitTwo (events.js:106:13)
35 silly fetchPackageMetaData     at Request.emit (events.js:191:7)
35 silly fetchPackageMetaData     at Request.<anonymous> (C:\Program Files\nodejs\node_modules\npm\node_modules\request\request.js:1048:10)
35 silly fetchPackageMetaData     at emitOne (events.js:96:13)
35 silly fetchPackageMetaData     at Request.emit (events.js:188:7)
35 silly fetchPackageMetaData     at IncomingMessage.<anonymous> (C:\Program Files\nodejs\node_modules\npm\node_modules\request\request.js:969:12) pkgid: '4.2', statusCode: 404, code: 'E404' }
36 http 200 https://registry.npmjs.org/cordova
37 verbose headers { server: 'nginx/1.10.1',
37 verbose headers   'content-type': 'application/json',
37 verbose headers   'last-modified': 'Wed, 22 Feb 2017 02:50:29 GMT',
37 verbose headers   etag: 'W/"58acfc75-10c411"',
37 verbose headers   'content-encoding': 'gzip',
37 verbose headers   'cache-control': 'max-age=300',
37 verbose headers   'content-length': '40805',
37 verbose headers   'accept-ranges': 'bytes',
37 verbose headers   date: 'Wed, 22 Feb 2017 14:48:18 GMT',
37 verbose headers   via: '1.1 varnish',
37 verbose headers   age: '154',
37 verbose headers   connection: 'keep-alive',
37 verbose headers   'x-served-by': 'cache-ams4423-AMS',
37 verbose headers   'x-cache': 'HIT',
37 verbose headers   'x-cache-hits': '1',
37 verbose headers   'x-timer': 'S1487774898.279296,VS0,VE1',
37 verbose headers   vary: 'Accept-Encoding' }
38 silly get cb [ 200,
38 silly get   { server: 'nginx/1.10.1',
38 silly get     'content-type': 'application/json',
38 silly get     'last-modified': 'Wed, 22 Feb 2017 02:50:29 GMT',
38 silly get     etag: 'W/"58acfc75-10c411"',
38 silly get     'content-encoding': 'gzip',
38 silly get     'cache-control': 'max-age=300',
38 silly get     'content-length': '40805',
38 silly get     'accept-ranges': 'bytes',
38 silly get     date: 'Wed, 22 Feb 2017 14:48:18 GMT',
38 silly get     via: '1.1 varnish',
38 silly get     age: '154',
38 silly get     connection: 'keep-alive',
38 silly get     'x-served-by': 'cache-ams4423-AMS',
38 silly get     'x-cache': 'HIT',
38 silly get     'x-cache-hits': '1',
38 silly get     'x-timer': 'S1487774898.279296,VS0,VE1',
38 silly get     vary: 'Accept-Encoding' } ]
39 verbose get saving cordova to C:\Users\phil\AppData\Roaming\npm-cache\registry.npmjs.org\cordova\.cache.json
40 verbose correctMkdir C:\Users\phil\AppData\Roaming\npm-cache correctMkdir not in flight; initializing
41 silly rollbackFailedOptional Starting
42 silly rollbackFailedOptional Finishing
43 silly runTopLevelLifecycles Finishing
44 silly install printInstalled
45 verbose stack Error: Registry returned 404 for GET on https://registry.npmjs.org/4.2
45 verbose stack     at makeError (C:\Program Files\nodejs\node_modules\npm\node_modules\npm-registry-client\lib\request.js:302:12)
45 verbose stack     at CachingRegistryClient.<anonymous> (C:\Program Files\nodejs\node_modules\npm\node_modules\npm-registry-client\lib\request.js:280:14)
45 verbose stack     at Request._callback (C:\Program Files\nodejs\node_modules\npm\node_modules\npm-registry-client\lib\request.js:210:14)
45 verbose stack     at Request.self.callback (C:\Program Files\nodejs\node_modules\npm\node_modules\request\request.js:187:22)
45 verbose stack     at emitTwo (events.js:106:13)
45 verbose stack     at Request.emit (events.js:191:7)
45 verbose stack     at Request.<anonymous> (C:\Program Files\nodejs\node_modules\npm\node_modules\request\request.js:1048:10)
45 verbose stack     at emitOne (events.js:96:13)
45 verbose stack     at Request.emit (events.js:188:7)
45 verbose stack     at IncomingMessage.<anonymous> (C:\Program Files\nodejs\node_modules\npm\node_modules\request\request.js:969:12)
46 verbose statusCode 404
47 verbose pkgid 4.2
48 verbose cwd C:\xampp\htdocs\dotheessay
49 error Windows_NT 10.0.14393
50 error argv "C:\\Program Files\\nodejs\\node.exe" "C:\\Program Files\\nodejs\\node_modules\\npm\\bin\\npm-cli.js" "install" "-g" "cordova" "4.2"
51 error node v6.9.5
52 error npm  v3.10.10
53 error code E404
54 error 404 Registry returned 404 for GET on https://registry.npmjs.org/4.2
55 error 404
56 error 404 '4.2' is not in the npm registry.
57 error 404 You should bug the author to publish it (or use the name yourself!)
58 error 404 Note that you can also install from a
59 error 404 tarball, folder, http url, or git url.
60 verbose exit [ 1, true ]
